<?xml version="1.0" encoding="UTF-8"?>
<!-- Generated by org.testng.reporters.JUnitReportReporter -->
<testsuite skipped="0" hostname="DESKTOP-U6VM877" name="Tests.Login" tests="1" failures="0" timestamp="22 Apr 2019 09:16:36 GMT" time="8.411" errors="0">
  <testcase name="LoginTestPOM" time="8.411" classname="Tests.Login"/>
</testsuite> <!-- Tests.Login -->
